c:\users\zach\documents\cs-318\p4318heine\p4318heine\debug\vc120.pdb
c:\users\zach\documents\cs-318\p4318heine\p4318heine\debug\vc120.idb
c:\users\zach\documents\cs-318\p4318heine\p4318heine\debug\p4318heine.obj
c:\users\zach\documents\cs-318\p4318heine\debug\p4318heine.pdb
c:\users\zach\documents\cs-318\p4318heine\p4318heine\debug\p4318heine.tlog\cl.command.1.tlog
c:\users\zach\documents\cs-318\p4318heine\p4318heine\debug\p4318heine.tlog\cl.read.1.tlog
c:\users\zach\documents\cs-318\p4318heine\p4318heine\debug\p4318heine.tlog\cl.write.1.tlog
c:\users\zach\documents\cs-318\p4318heine\p4318heine\debug\p4318heine.tlog\link-cvtres.read.1.tlog
c:\users\zach\documents\cs-318\p4318heine\p4318heine\debug\p4318heine.tlog\link-cvtres.write.1.tlog
c:\users\zach\documents\cs-318\p4318heine\p4318heine\debug\p4318heine.tlog\link-rc.read.1.tlog
c:\users\zach\documents\cs-318\p4318heine\p4318heine\debug\p4318heine.tlog\link-rc.write.1.tlog
c:\users\zach\documents\cs-318\p4318heine\p4318heine\debug\p4318heine.tlog\link.64964-cvtres.read.1.tlog
c:\users\zach\documents\cs-318\p4318heine\p4318heine\debug\p4318heine.tlog\link.64964-cvtres.write.1.tlog
c:\users\zach\documents\cs-318\p4318heine\p4318heine\debug\p4318heine.tlog\link.64964-rc.read.1.tlog
c:\users\zach\documents\cs-318\p4318heine\p4318heine\debug\p4318heine.tlog\link.64964-rc.write.1.tlog
c:\users\zach\documents\cs-318\p4318heine\p4318heine\debug\p4318heine.tlog\link.64964.read.1.tlog
c:\users\zach\documents\cs-318\p4318heine\p4318heine\debug\p4318heine.tlog\link.64964.write.1.tlog
c:\users\zach\documents\cs-318\p4318heine\p4318heine\debug\p4318heine.tlog\link.command.1.tlog
c:\users\zach\documents\cs-318\p4318heine\p4318heine\debug\p4318heine.tlog\link.read.1.tlog
c:\users\zach\documents\cs-318\p4318heine\p4318heine\debug\p4318heine.tlog\link.write.1.tlog
